#
# A fatal error has been detected by the Java Runtime Environment:
#
#  Internal Error (javaClasses.cpp:129), pid=1012, tid=6524
#  fatal error: Invalid layout of preloaded class
#
# JRE version: 7.0_07-b10
# Java VM: Java HotSpot(TM) 64-Bit Server VM (23.3-b01 mixed mode windows-amd64 compressed oops)
# Failed to write core dump. Minidumps are not enabled by default on client versions of Windows
#
# If you would like to submit a bug report, please visit:
#   http://bugreport.sun.com/bugreport/crash.jsp
#

---------------  T H R E A D  ---------------

Current thread (0x000000000263c800):  JavaThread "Unknown thread" [_thread_in_vm, id=6524, stack(0x0000000002720000,0x0000000002820000)]

Stack: [0x0000000002720000,0x0000000002820000]

---------------  P R O C E S S  ---------------

Java Threads: ( => current thread )

Other Threads:

=>0x000000000263c800 (exited) JavaThread "Unknown thread" [_thread_in_vm, id=6524, stack(0x0000000002720000,0x0000000002820000)]

VM state:not at safepoint (not fully initialized)

VM Mutex/Monitor currently owned by a thread: None

GC Heap History (0 events):
No events

Deoptimization events (0 events):
No events

Internal exceptions (0 events):
No events

Events (10 events):
Event: 0.009 loading class 0x000000000251c340 done
Event: 0.009 loading class 0x00000000024d2170 done
Event: 0.009 loading class 0x00000000024d2140
Event: 0.009 loading class 0x00000000025246f0
Event: 0.009 loading class 0x00000000025246f0 done
Event: 0.009 loading class 0x0000000002524730
Event: 0.009 loading class 0x0000000002524730 done
Event: 0.009 loading class 0x000000000bd1daf0
Event: 0.009 loading class 0x000000000bd1daf0 done
Event: 0.009 loading class 0x00000000024d2140 done


Dynamic libraries:
0x000000013fb70000 - 0x000000013fba4000 	C:\Program Files\Java\jre7\bin\javaw.exe
0x00000000770c0000 - 0x0000000077268000 	C:\Windows\SYSTEM32\ntdll.dll
0x0000000076fa0000 - 0x00000000770bf000 	C:\Windows\system32\kernel32.dll
0x000007fefd880000 - 0x000007fefd8ec000 	C:\Windows\system32\KERNELBASE.dll
0x000007fefd9c0000 - 0x000007fefda9b000 	C:\Windows\system32\ADVAPI32.dll
0x000007fefeab0000 - 0x000007fefeb4f000 	C:\Windows\system32\msvcrt.dll
0x000007feff060000 - 0x000007feff07f000 	C:\Windows\SYSTEM32\sechost.dll
0x000007fefee00000 - 0x000007fefef2d000 	C:\Windows\system32\RPCRT4.dll
0x0000000076ea0000 - 0x0000000076f9a000 	C:\Windows\system32\USER32.dll
0x000007fefe960000 - 0x000007fefe9c7000 	C:\Windows\system32\GDI32.dll
0x000007feff3c0000 - 0x000007feff3ce000 	C:\Windows\system32\LPK.dll
0x000007fefd8f0000 - 0x000007fefd9b9000 	C:\Windows\system32\USP10.dll
0x000007fefc630000 - 0x000007fefc824000 	C:\Windows\WinSxS\amd64_microsoft.windows.common-controls_6595b64144ccf1df_6.0.7601.18837_none_fa3b1e3d17594757\COMCTL32.dll
0x000007feff080000 - 0x000007feff0f1000 	C:\Windows\system32\SHLWAPI.dll
0x000007fefe9e0000 - 0x000007fefea0e000 	C:\Windows\system32\IMM32.DLL
0x000007fefef30000 - 0x000007feff039000 	C:\Windows\system32\MSCTF.dll
0x000007fefd4e0000 - 0x000007fefd512000 	C:\Windows\system32\nvinitx.dll
0x000000000f000000 - 0x000000000f006000 	C:\Program Files\NVIDIA Corporation\CoProcManager\detoured.dll
0x000007fefa1a0000 - 0x000007fefa1d3000 	C:\Program Files\NVIDIA Corporation\CoProcManager\nvd3d9wrapx.dll
0x000007feff100000 - 0x000007feff2d7000 	C:\Windows\system32\SETUPAPI.dll
0x000007fefd690000 - 0x000007fefd6c6000 	C:\Windows\system32\CFGMGR32.dll
0x000007fefe880000 - 0x000007fefe957000 	C:\Windows\system32\OLEAUT32.dll
0x000007fefeb50000 - 0x000007fefed53000 	C:\Windows\system32\ole32.dll
0x000007fefd670000 - 0x000007fefd68a000 	C:\Windows\system32\DEVOBJ.dll
0x000007fef9e00000 - 0x000007fef9e23000 	C:\Program Files\NVIDIA Corporation\CoProcManager\nvdxgiwrapx.dll
0x000000006e5b0000 - 0x000000006e681000 	C:\Program Files\Java\jre7\bin\msvcr100.dll
0x000000006bc80000 - 0x000000006c39f000 	C:\Program Files\Java\jre7\bin\server\jvm.dll
0x000007fef0640000 - 0x000007fef0649000 	C:\Windows\system32\WSOCK32.dll
0x000007fefe830000 - 0x000007fefe87d000 	C:\Windows\system32\WS2_32.dll
0x000007fefe9d0000 - 0x000007fefe9d8000 	C:\Windows\system32\NSI.dll
0x000007fefa550000 - 0x000007fefa58b000 	C:\Windows\system32\WINMM.dll
0x0000000077280000 - 0x0000000077287000 	C:\Windows\system32\PSAPI.DLL
0x000000006eb30000 - 0x000000006eb3f000 	C:\Program Files\Java\jre7\bin\verify.dll
0x000000006e940000 - 0x000000006e968000 	C:\Program Files\Java\jre7\bin\java.dll
0x000000006e9d0000 - 0x000000006e9e5000 	C:\Program Files\Java\jre7\bin\zip.dll

VM Arguments:
jvm_args: -Dfile.encoding=GBK -Xbootclasspath:E:\adt-bundle-windows-x86_64\sdk\platforms\android-18\android.jar 
java_command: com.bn.qkj.util.EYYCFCUtil
Launcher Type: SUN_STANDARD

Environment Variables:
JAVA_HOME=C:\Program Files\Java\jdk1.7.0_07
PATH=C:\Windows\system32;C:\Windows;C:\Windows\System32\Wbem;C:\Windows\System32\WindowsPowerShell\v1.0\;C:\Program Files\WIDCOMM\Bluetooth Software\;C:\Program Files\WIDCOMM\Bluetooth Software\syswow64;C:\Program Files (x86)\Java\jdk1.6.0\bin;C:\Program Files\Common Files\Autodesk Shared\;C:\Program Files (x86)\Autodesk\Backburner\
USERNAME=Administrator
OS=Windows_NT
PROCESSOR_IDENTIFIER=Intel64 Family 6 Model 60 Stepping 3, GenuineIntel



---------------  S Y S T E M  ---------------

OS: Windows 7 , 64 bit Build 7601 Service Pack 1

CPU:total 8 (4 cores per cpu, 2 threads per core) family 6 model 60 stepping 3, cmov, cx8, fxsr, mmx, sse, sse2, sse3, ssse3, sse4.1, sse4.2, popcnt, avx, avx2, ht, tsc, tscinvbit

Memory: 4k page, physical 8302960k(5173380k free), swap 16604068k(13115620k free)

vm_info: Java HotSpot(TM) 64-Bit Server VM (23.3-b01) for windows-amd64 JRE (1.7.0_07-b10), built on Aug 28 2012 18:28:27 by "java_re" with unknown MS VC++:1600

time: Fri Jul 10 15:24:14 2015
elapsed time: 0 seconds

